[ 2014-09-05T17:32:44+08:00 ] 127.0.0.1 /OT/
INFO: [ app_init ] --START--
INFO: Run Behavior\BuildLiteBehavior [ RunTime:0.000000s ]
SQL: SHOW COLUMNS FROM `ot_hooks` [ RunTime:0.0190s ]
SQL: SELECT `name`,`addons` FROM `ot_hooks`  [ RunTime:0.0030s ]
SQL: SHOW COLUMNS FROM `ot_addons` [ RunTime:0.0200s ]
SQL: SELECT `id`,`name` FROM `ot_addons` WHERE `status` = 1 AND `name` IN ('ReturnTop')  [ RunTime:0.0060s ]
SQL: SELECT `id`,`name` FROM `ot_addons` WHERE `status` = 1 AND `name` IN ('Attachment')  [ RunTime:0.0020s ]
SQL: SELECT `id`,`name` FROM `ot_addons` WHERE `status` = 1 AND `name` IN ('Attachment','SocialComment')  [ RunTime:0.0010s ]
SQL: SELECT `id`,`name` FROM `ot_addons` WHERE `status` = 1 AND `name` IN ('Attachment')  [ RunTime:0.0020s ]
SQL: SELECT `id`,`name` FROM `ot_addons` WHERE `status` = 1 AND `name` IN ('Editor')  [ RunTime:0.0010s ]
SQL: SELECT `id`,`name` FROM `ot_addons` WHERE `status` = 1 AND `name` IN ('EditorForAdmin')  [ RunTime:0.0020s ]
SQL: SELECT `id`,`name` FROM `ot_addons` WHERE `status` = 1 AND `name` IN ('SiteStat','SystemInfo','DevTeam')  [ RunTime:0.0020s ]
SQL: SELECT `id`,`name` FROM `ot_addons` WHERE `status` = 1 AND `name` IN ('Editor')  [ RunTime:0.0020s ]
SQL: SELECT `id`,`name` FROM `ot_addons` WHERE `status` = 1 AND `name` IN ('ImageSlider')  [ RunTime:0.0010s ]
INFO: Run Common\Behavior\InitHookBehavior [ RunTime:0.125007s ]
INFO: [ app_init ] --END-- [ RunTime:0.129007s ]
INFO: [ app_begin ] --START--
INFO: Run Behavior\ReadHtmlCacheBehavior [ RunTime:0.003001s ]
INFO: [ app_begin ] --END-- [ RunTime:0.003001s ]
SQL: SHOW COLUMNS FROM `ot_config` [ RunTime:0.0280s ]
SQL: SELECT `type`,`name`,`value` FROM `ot_config` WHERE `status` = 1  [ RunTime:0.0010s ]
SQL: SHOW COLUMNS FROM `ot_category` [ RunTime:0.0140s ]
SQL: SELECT * FROM `ot_category` WHERE `status` = 1  [ RunTime:0.0010s ]
NOTIC: [8] Undefined variable: arr D:\Program Files\Apache24\htdocs\ot\Application\Home\Common\function.php 第 81 行.
NOTIC: [8] Undefined variable: arr D:\Program Files\Apache24\htdocs\ot\Application\Home\Common\function.php 第 81 行.
INFO: [ view_parse ] --START--
INFO: [ template_filter ] --START--
INFO: Run Behavior\ContentReplaceBehavior [ RunTime:0.001000s ]
INFO: [ template_filter ] --END-- [ RunTime:0.001000s ]
INFO: [ pageBody ] --START--
SQL: SELECT `config` FROM `ot_addons` WHERE `name` = 'ImageSlider' AND `status` = 1 LIMIT 1   [ RunTime:0.0010s ]
SQL: SHOW COLUMNS FROM `ot_picture` [ RunTime:0.0130s ]
SQL: SELECT `id`,`path` FROM `ot_picture` WHERE ( id in (1,2,3) )  [ RunTime:0.0010s ]
ERR: 模板不存在:./Addons/ImageSlider/content.html

[ 2014-09-05T17:33:10+08:00 ] 127.0.0.1 /OT/
INFO: [ app_init ] --START--
INFO: Run Behavior\BuildLiteBehavior [ RunTime:0.000000s ]
INFO: Run Common\Behavior\InitHookBehavior [ RunTime:0.012000s ]
INFO: [ app_init ] --END-- [ RunTime:0.013000s ]
INFO: [ app_begin ] --START--
INFO: Run Behavior\ReadHtmlCacheBehavior [ RunTime:0.003000s ]
INFO: [ app_begin ] --END-- [ RunTime:0.003000s ]
SQL: SHOW COLUMNS FROM `ot_config` [ RunTime:0.0210s ]
SQL: SELECT `type`,`name`,`value` FROM `ot_config` WHERE `status` = 1  [ RunTime:0.0010s ]
SQL: SHOW COLUMNS FROM `ot_category` [ RunTime:0.0250s ]
SQL: SELECT * FROM `ot_category` WHERE `status` = 1  [ RunTime:0.0020s ]
NOTIC: [8] Undefined variable: arr D:\Program Files\Apache24\htdocs\ot\Application\Home\Common\function.php 第 81 行.
NOTIC: [8] Undefined variable: arr D:\Program Files\Apache24\htdocs\ot\Application\Home\Common\function.php 第 81 行.
INFO: [ view_parse ] --START--
INFO: [ template_filter ] --START--
INFO: Run Behavior\ContentReplaceBehavior [ RunTime:0.000000s ]
INFO: [ template_filter ] --END-- [ RunTime:0.000000s ]
INFO: [ pageBody ] --START--
SQL: SHOW COLUMNS FROM `ot_addons` [ RunTime:0.0150s ]
SQL: SELECT `config` FROM `ot_addons` WHERE `name` = 'ImageSlider' AND `status` = 1 LIMIT 1   [ RunTime:0.0010s ]
SQL: SHOW COLUMNS FROM `ot_picture` [ RunTime:0.0160s ]
SQL: SELECT `id`,`path` FROM `ot_picture` WHERE ( id in (1,2,3) )  [ RunTime:0.0010s ]
INFO: [ view_parse ] --START--
INFO: [ template_filter ] --START--
INFO: Run Behavior\ContentReplaceBehavior [ RunTime:0.000000s ]
INFO: [ template_filter ] --END-- [ RunTime:-0.053003s ]
INFO: Run Behavior\ParseTemplateBehavior [ RunTime:0.021001s ]
INFO: [ view_parse ] --END-- [ RunTime:0.021001s ]
INFO: [ view_filter ] --START--
INFO: Run Behavior\WriteHtmlCacheBehavior [ RunTime:0.002000s ]
INFO: [ view_filter ] --END-- [ RunTime:0.002000s ]
INFO: Run Addons\ImageSlider\ImageSliderAddon [ RunTime:0.066004s ]
INFO: [ pageBody ] --END-- [ RunTime:0.067004s ]
INFO: [ pageFooter ] --START--
SQL: SELECT `config` FROM `ot_addons` WHERE `name` = 'ReturnTop' AND `status` = 1 LIMIT 1   [ RunTime:0.0010s ]
INFO: [ view_parse ] --START--
INFO: [ template_filter ] --START--
INFO: Run Behavior\ContentReplaceBehavior [ RunTime:0.000000s ]
INFO: [ template_filter ] --END-- [ RunTime:-0.082005s ]
INFO: Run Behavior\ParseTemplateBehavior [ RunTime:0.009000s ]
INFO: [ view_parse ] --END-- [ RunTime:-0.009001s ]
INFO: [ view_filter ] --START--
INFO: Run Behavior\WriteHtmlCacheBehavior [ RunTime:0.000000s ]
INFO: [ view_filter ] --END-- [ RunTime:-0.016001s ]
INFO: Run Addons\ReturnTop\ReturnTopAddon [ RunTime:0.016001s ]
INFO: [ pageFooter ] --END-- [ RunTime:0.016001s ]
INFO: Run Behavior\ParseTemplateBehavior [ RunTime:0.009000s ]
INFO: [ view_parse ] --END-- [ RunTime:-0.009001s ]
INFO: [ view_filter ] --START--
INFO: Run Behavior\WriteHtmlCacheBehavior [ RunTime:0.000000s ]
INFO: [ view_filter ] --END-- [ RunTime:-0.016001s ]
INFO: [ app_end ] --START--
INFO: Run Behavior\ShowPageTraceBehavior [ RunTime:0.004000s ]
INFO: [ app_end ] --END-- [ RunTime:0.004000s ]

[ 2014-09-05T17:40:07+08:00 ] 127.0.0.1 /OT/
INFO: [ app_init ] --START--
INFO: Run Behavior\BuildLiteBehavior [ RunTime:0.000000s ]
INFO: Run Common\Behavior\InitHookBehavior [ RunTime:0.013001s ]
INFO: [ app_init ] --END-- [ RunTime:0.015001s ]
INFO: [ app_begin ] --START--
INFO: Run Behavior\ReadHtmlCacheBehavior [ RunTime:0.002000s ]
INFO: [ app_begin ] --END-- [ RunTime:0.003000s ]
SQL: SHOW COLUMNS FROM `ot_config` [ RunTime:0.0130s ]
SQL: SELECT `type`,`name`,`value` FROM `ot_config` WHERE `status` = 1  [ RunTime:0.0010s ]
SQL: SHOW COLUMNS FROM `ot_category` [ RunTime:0.0150s ]
SQL: SELECT * FROM `ot_category` WHERE `status` = 1  [ RunTime:0.0010s ]
NOTIC: [8] Undefined variable: arr D:\Program Files\Apache24\htdocs\ot\Application\Home\Common\function.php 第 81 行.
NOTIC: [8] Undefined variable: arr D:\Program Files\Apache24\htdocs\ot\Application\Home\Common\function.php 第 81 行.
INFO: [ view_parse ] --START--
INFO: [ template_filter ] --START--
INFO: Run Behavior\ContentReplaceBehavior [ RunTime:0.000000s ]
INFO: [ template_filter ] --END-- [ RunTime:0.000000s ]
INFO: [ pageBody ] --START--
SQL: SHOW COLUMNS FROM `ot_addons` [ RunTime:0.0140s ]
SQL: SELECT `config` FROM `ot_addons` WHERE `name` = 'ImageSlider' AND `status` = 1 LIMIT 1   [ RunTime:0.0010s ]
SQL: SHOW COLUMNS FROM `ot_picture` [ RunTime:0.0140s ]
SQL: SELECT `id`,`path` FROM `ot_picture` WHERE ( id in (1,2,3) )  [ RunTime:0.0010s ]
INFO: [ view_parse ] --START--
INFO: [ template_filter ] --START--
INFO: Run Behavior\ContentReplaceBehavior [ RunTime:0.000000s ]
INFO: [ template_filter ] --END-- [ RunTime:-0.049003s ]
INFO: Run Behavior\ParseTemplateBehavior [ RunTime:0.008000s ]
INFO: [ view_parse ] --END-- [ RunTime:0.008000s ]
INFO: [ view_filter ] --START--
INFO: Run Behavior\WriteHtmlCacheBehavior [ RunTime:0.003000s ]
INFO: [ view_filter ] --END-- [ RunTime:0.003000s ]
INFO: Run Addons\ImageSlider\ImageSliderAddon [ RunTime:0.051003s ]
INFO: [ pageBody ] --END-- [ RunTime:0.051003s ]
INFO: [ pageFooter ] --START--
SQL: SELECT `config` FROM `ot_addons` WHERE `name` = 'ReturnTop' AND `status` = 1 LIMIT 1   [ RunTime:0.0010s ]
INFO: [ view_parse ] --START--
INFO: [ template_filter ] --START--
INFO: Run Behavior\ContentReplaceBehavior [ RunTime:0.000000s ]
INFO: [ template_filter ] --END-- [ RunTime:-0.066004s ]
INFO: Run Behavior\ParseTemplateBehavior [ RunTime:0.007000s ]
INFO: [ view_parse ] --END-- [ RunTime:-0.010001s ]
INFO: [ view_filter ] --START--
INFO: Run Behavior\WriteHtmlCacheBehavior [ RunTime:0.000000s ]
INFO: [ view_filter ] --END-- [ RunTime:-0.014001s ]
INFO: Run Addons\ReturnTop\ReturnTopAddon [ RunTime:0.014001s ]
INFO: [ pageFooter ] --END-- [ RunTime:0.014001s ]
INFO: Run Behavior\ParseTemplateBehavior [ RunTime:0.007000s ]
INFO: [ view_parse ] --END-- [ RunTime:-0.010001s ]
INFO: [ view_filter ] --START--
INFO: Run Behavior\WriteHtmlCacheBehavior [ RunTime:0.000000s ]
INFO: [ view_filter ] --END-- [ RunTime:-0.014001s ]
INFO: [ app_end ] --START--
INFO: Run Behavior\ShowPageTraceBehavior [ RunTime:0.003000s ]
INFO: [ app_end ] --END-- [ RunTime:0.004000s ]

