[ 2014-09-10T10:27:08+08:00 ] 127.0.0.1 /OT/
INFO: [ app_init ] --START--
INFO: Run Behavior\BuildLiteBehavior [ RunTime:0.001000s ]
INFO: Run Common\Behavior\InitHookBehavior [ RunTime:0.160009s ]
INFO: [ app_init ] --END-- [ RunTime:0.248014s ]
INFO: [ app_begin ] --START--
INFO: Run Behavior\ReadHtmlCacheBehavior [ RunTime:0.013001s ]
INFO: [ app_begin ] --END-- [ RunTime:0.013001s ]
SQL: SHOW COLUMNS FROM `ot_config` [ RunTime:0.2280s ]
SQL: SELECT `type`,`name`,`value` FROM `ot_config` WHERE `status` = 1  [ RunTime:0.0090s ]
SQL: SHOW COLUMNS FROM `ot_channel` [ RunTime:0.0320s ]
SQL: SELECT `id`,`pid`,`title`,`url`,`sort`,`create_time`,`update_time`,`status`,`target` FROM `ot_channel` WHERE `status` = 1 ORDER BY sort  [ RunTime:0.0200s ]
INFO: [ view_parse ] --START--
INFO: [ template_filter ] --START--
INFO: Run Behavior\ContentReplaceBehavior [ RunTime:0.001000s ]
INFO: [ template_filter ] --END-- [ RunTime:0.001000s ]
INFO: [ pageBody ] --START--
SQL: SHOW COLUMNS FROM `ot_addons` [ RunTime:0.0530s ]
SQL: SELECT `config` FROM `ot_addons` WHERE `name` = 'ImageSlider' AND `status` = 1 LIMIT 1   [ RunTime:0.0120s ]
SQL: SHOW COLUMNS FROM `ot_picture` [ RunTime:0.0690s ]
SQL: SELECT `id`,`path` FROM `ot_picture` WHERE ( id in (1,2,3) )  [ RunTime:0.0450s ]
INFO: [ view_parse ] --START--
INFO: [ template_filter ] --START--
INFO: Run Behavior\ContentReplaceBehavior [ RunTime:0.000000s ]
INFO: [ template_filter ] --END-- [ RunTime:-0.301018s ]
INFO: Run Behavior\ParseTemplateBehavior [ RunTime:0.059003s ]
INFO: [ view_parse ] --END-- [ RunTime:0.059003s ]
INFO: [ view_filter ] --START--
INFO: Run Behavior\WriteHtmlCacheBehavior [ RunTime:0.017001s ]
INFO: [ view_filter ] --END-- [ RunTime:0.017001s ]
INFO: Run Addons\ImageSlider\ImageSliderAddon [ RunTime:0.315018s ]
SQL: SELECT `config` FROM `ot_addons` WHERE `name` = 'ComIntroduction' AND `status` = 1 LIMIT 1   [ RunTime:0.0010s ]
INFO: [ view_parse ] --START--
INFO: [ template_filter ] --START--
INFO: Run Behavior\ContentReplaceBehavior [ RunTime:0.000000s ]
INFO: [ template_filter ] --END-- [ RunTime:-0.401023s ]
INFO: Run Behavior\ParseTemplateBehavior [ RunTime:0.016001s ]
INFO: [ view_parse ] --END-- [ RunTime:-0.050003s ]
INFO: [ view_filter ] --START--
INFO: Run Behavior\WriteHtmlCacheBehavior [ RunTime:0.000000s ]
INFO: [ view_filter ] --END-- [ RunTime:-0.049003s ]
INFO: Run Addons\ComIntroduction\ComIntroductionAddon [ RunTime:0.049003s ]
INFO: [ pageBody ] --END-- [ RunTime:0.364021s ]
INFO: [ pageFooter ] --START--
SQL: SELECT `config` FROM `ot_addons` WHERE `name` = 'ReturnTop' AND `status` = 1 LIMIT 1   [ RunTime:0.0010s ]
INFO: [ view_parse ] --START--
INFO: [ template_filter ] --START--
INFO: Run Behavior\ContentReplaceBehavior [ RunTime:0.000000s ]
INFO: [ template_filter ] --END-- [ RunTime:-0.446026s ]
INFO: Run Behavior\ParseTemplateBehavior [ RunTime:0.007000s ]
INFO: [ view_parse ] --END-- [ RunTime:-0.095006s ]
INFO: [ view_filter ] --START--
INFO: Run Behavior\WriteHtmlCacheBehavior [ RunTime:0.000000s ]
INFO: [ view_filter ] --END-- [ RunTime:-0.085005s ]
INFO: Run Addons\ReturnTop\ReturnTopAddon [ RunTime:0.035002s ]
INFO: [ pageFooter ] --END-- [ RunTime:0.035002s ]
INFO: Run Behavior\ParseTemplateBehavior [ RunTime:0.007000s ]
INFO: [ view_parse ] --END-- [ RunTime:-0.095006s ]
INFO: [ view_filter ] --START--
INFO: Run Behavior\WriteHtmlCacheBehavior [ RunTime:0.000000s ]
INFO: [ view_filter ] --END-- [ RunTime:-0.085005s ]
INFO: [ app_end ] --START--
INFO: Run Behavior\ShowPageTraceBehavior [ RunTime:0.032002s ]
INFO: [ app_end ] --END-- [ RunTime:0.032002s ]

[ 2014-09-10T13:29:37+08:00 ] 127.0.0.1 /OT/
INFO: [ app_init ] --START--
INFO: Run Behavior\BuildLiteBehavior [ RunTime:0.000000s ]
INFO: Run Common\Behavior\InitHookBehavior [ RunTime:0.070004s ]
INFO: [ app_init ] --END-- [ RunTime:0.082005s ]
INFO: [ app_begin ] --START--
INFO: Run Behavior\ReadHtmlCacheBehavior [ RunTime:0.013001s ]
INFO: [ app_begin ] --END-- [ RunTime:0.014001s ]
SQL: SHOW COLUMNS FROM `ot_config` [ RunTime:0.0110s ]
SQL: SELECT `type`,`name`,`value` FROM `ot_config` WHERE `status` = 1  [ RunTime:0.0010s ]
SQL: SHOW COLUMNS FROM `ot_channel` [ RunTime:0.0110s ]
SQL: SELECT `id`,`pid`,`title`,`url`,`sort`,`create_time`,`update_time`,`status`,`target` FROM `ot_channel` WHERE `status` = 1 ORDER BY sort  [ RunTime:0.0010s ]
INFO: [ view_parse ] --START--
INFO: [ template_filter ] --START--
INFO: Run Behavior\ContentReplaceBehavior [ RunTime:0.000000s ]
INFO: [ template_filter ] --END-- [ RunTime:0.000000s ]
INFO: [ pageBody ] --START--
SQL: SHOW COLUMNS FROM `ot_addons` [ RunTime:0.0090s ]
SQL: SELECT `config` FROM `ot_addons` WHERE `name` = 'ImageSlider' AND `status` = 1 LIMIT 1   [ RunTime:0.0010s ]
SQL: SHOW COLUMNS FROM `ot_picture` [ RunTime:0.0110s ]
SQL: SELECT `id`,`path` FROM `ot_picture` WHERE ( id in (1,2,3) )  [ RunTime:0.0010s ]
INFO: [ view_parse ] --START--
INFO: [ template_filter ] --START--
INFO: Run Behavior\ContentReplaceBehavior [ RunTime:0.000000s ]
INFO: [ template_filter ] --END-- [ RunTime:-0.074004s ]
INFO: Run Behavior\ParseTemplateBehavior [ RunTime:0.016001s ]
INFO: [ view_parse ] --END-- [ RunTime:0.016001s ]
INFO: [ view_filter ] --START--
INFO: Run Behavior\WriteHtmlCacheBehavior [ RunTime:0.010000s ]
INFO: [ view_filter ] --END-- [ RunTime:0.010000s ]
INFO: Run Addons\ImageSlider\ImageSliderAddon [ RunTime:0.077004s ]
SQL: SELECT `config` FROM `ot_addons` WHERE `name` = 'ComIntroduction' AND `status` = 1 LIMIT 1   [ RunTime:0.0010s ]
INFO: [ view_parse ] --START--
INFO: [ template_filter ] --START--
INFO: Run Behavior\ContentReplaceBehavior [ RunTime:0.000000s ]
INFO: [ template_filter ] --END-- [ RunTime:-0.109006s ]
INFO: Run Behavior\ParseTemplateBehavior [ RunTime:0.006001s ]
INFO: [ view_parse ] --END-- [ RunTime:-0.029001s ]
INFO: [ view_filter ] --START--
INFO: Run Behavior\WriteHtmlCacheBehavior [ RunTime:0.000000s ]
INFO: [ view_filter ] --END-- [ RunTime:-0.025002s ]
INFO: Run Addons\ComIntroduction\ComIntroductionAddon [ RunTime:0.025002s ]
INFO: [ pageBody ] --END-- [ RunTime:0.103006s ]
INFO: [ pageFooter ] --START--
SQL: SELECT `config` FROM `ot_addons` WHERE `name` = 'ReturnTop' AND `status` = 1 LIMIT 1   [ RunTime:0.0020s ]
INFO: [ view_parse ] --START--
INFO: [ template_filter ] --START--
INFO: Run Behavior\ContentReplaceBehavior [ RunTime:0.000000s ]
INFO: [ template_filter ] --END-- [ RunTime:-0.135008s ]
INFO: Run Behavior\ParseTemplateBehavior [ RunTime:0.006000s ]
INFO: [ view_parse ] --END-- [ RunTime:-0.055003s ]
INFO: [ view_filter ] --START--
INFO: Run Behavior\WriteHtmlCacheBehavior [ RunTime:0.000000s ]
INFO: [ view_filter ] --END-- [ RunTime:-0.051003s ]
INFO: Run Addons\ReturnTop\ReturnTopAddon [ RunTime:0.025001s ]
INFO: [ pageFooter ] --END-- [ RunTime:0.025001s ]
INFO: Run Behavior\ParseTemplateBehavior [ RunTime:0.006000s ]
INFO: [ view_parse ] --END-- [ RunTime:-0.055003s ]
INFO: [ view_filter ] --START--
INFO: Run Behavior\WriteHtmlCacheBehavior [ RunTime:0.000000s ]
INFO: [ view_filter ] --END-- [ RunTime:-0.051003s ]
INFO: [ app_end ] --START--
INFO: Run Behavior\ShowPageTraceBehavior [ RunTime:0.016001s ]
INFO: [ app_end ] --END-- [ RunTime:0.016001s ]

[ 2014-09-10T13:43:32+08:00 ] 127.0.0.1 /OT/Home/index
INFO: [ app_init ] --START--
INFO: Run Behavior\BuildLiteBehavior [ RunTime:0.000000s ]
INFO: Run Common\Behavior\InitHookBehavior [ RunTime:0.012000s ]
INFO: [ app_init ] --END-- [ RunTime:0.014000s ]
INFO: [ app_begin ] --START--
INFO: Run Behavior\ReadHtmlCacheBehavior [ RunTime:0.008000s ]
INFO: [ app_begin ] --END-- [ RunTime:0.008000s ]
SQL: SHOW COLUMNS FROM `ot_config` [ RunTime:0.0350s ]
SQL: SELECT `type`,`name`,`value` FROM `ot_config` WHERE `status` = 1  [ RunTime:0.0040s ]
SQL: SHOW COLUMNS FROM `ot_channel` [ RunTime:0.0160s ]
SQL: SELECT `id`,`pid`,`title`,`url`,`sort`,`create_time`,`update_time`,`status`,`target` FROM `ot_channel` WHERE `status` = 1 ORDER BY sort  [ RunTime:0.0020s ]
INFO: [ view_parse ] --START--
INFO: [ template_filter ] --START--
INFO: Run Behavior\ContentReplaceBehavior [ RunTime:0.000000s ]
INFO: [ template_filter ] --END-- [ RunTime:0.001000s ]
INFO: [ pageBody ] --START--
SQL: SHOW COLUMNS FROM `ot_addons` [ RunTime:0.0420s ]
SQL: SELECT `config` FROM `ot_addons` WHERE `name` = 'ImageSlider' AND `status` = 1 LIMIT 1   [ RunTime:0.0010s ]
SQL: SHOW COLUMNS FROM `ot_picture` [ RunTime:0.0160s ]
SQL: SELECT `id`,`path` FROM `ot_picture` WHERE ( id in (1,2,3) )  [ RunTime:0.0010s ]
INFO: [ view_parse ] --START--
INFO: [ template_filter ] --START--
INFO: Run Behavior\ContentReplaceBehavior [ RunTime:0.000000s ]
INFO: [ template_filter ] --END-- [ RunTime:-0.110007s ]
INFO: Run Behavior\ParseTemplateBehavior [ RunTime:0.013001s ]
INFO: [ view_parse ] --END-- [ RunTime:0.013001s ]
INFO: [ view_filter ] --START--
INFO: Run Behavior\WriteHtmlCacheBehavior [ RunTime:0.006000s ]
INFO: [ view_filter ] --END-- [ RunTime:0.006000s ]
INFO: Run Addons\ImageSlider\ImageSliderAddon [ RunTime:0.103005s ]
SQL: SELECT `config` FROM `ot_addons` WHERE `name` = 'ComIntroduction' AND `status` = 1 LIMIT 1   [ RunTime:0.0040s ]
INFO: [ view_parse ] --START--
INFO: [ template_filter ] --START--
INFO: Run Behavior\ContentReplaceBehavior [ RunTime:0.000000s ]
INFO: [ template_filter ] --END-- [ RunTime:-0.146009s ]
INFO: Run Behavior\ParseTemplateBehavior [ RunTime:0.014000s ]
INFO: [ view_parse ] --END-- [ RunTime:-0.027002s ]
INFO: [ view_filter ] --START--
INFO: Run Behavior\WriteHtmlCacheBehavior [ RunTime:0.000000s ]
INFO: [ view_filter ] --END-- [ RunTime:-0.036002s ]
INFO: Run Addons\ComIntroduction\ComIntroductionAddon [ RunTime:0.038003s ]
INFO: [ pageBody ] --END-- [ RunTime:0.141008s ]
INFO: [ pageFooter ] --START--
SQL: SELECT `config` FROM `ot_addons` WHERE `name` = 'ReturnTop' AND `status` = 1 LIMIT 1   [ RunTime:0.0010s ]
INFO: [ view_parse ] --START--
INFO: [ template_filter ] --START--
INFO: Run Behavior\ContentReplaceBehavior [ RunTime:0.001000s ]
INFO: [ template_filter ] --END-- [ RunTime:-0.183011s ]
INFO: Run Behavior\ParseTemplateBehavior [ RunTime:0.026002s ]
INFO: [ view_parse ] --END-- [ RunTime:-0.057003s ]
INFO: [ view_filter ] --START--
INFO: Run Behavior\WriteHtmlCacheBehavior [ RunTime:0.000000s ]
INFO: [ view_filter ] --END-- [ RunTime:-0.078005s ]
INFO: Run Addons\ReturnTop\ReturnTopAddon [ RunTime:0.040002s ]
INFO: [ pageFooter ] --END-- [ RunTime:0.040002s ]
INFO: Run Behavior\ParseTemplateBehavior [ RunTime:0.026002s ]
INFO: [ view_parse ] --END-- [ RunTime:-0.057003s ]
INFO: [ view_filter ] --START--
INFO: Run Behavior\WriteHtmlCacheBehavior [ RunTime:0.000000s ]
INFO: [ view_filter ] --END-- [ RunTime:-0.079005s ]
INFO: [ app_end ] --START--
INFO: Run Behavior\ShowPageTraceBehavior [ RunTime:0.008001s ]
INFO: [ app_end ] --END-- [ RunTime:0.009001s ]

[ 2014-09-10T17:25:41+08:00 ] 127.0.0.1 /OT/
INFO: [ app_init ] --START--
INFO: Run Behavior\BuildLiteBehavior [ RunTime:0.000000s ]
INFO: Run Common\Behavior\InitHookBehavior [ RunTime:0.110006s ]
INFO: [ app_init ] --END-- [ RunTime:0.233013s ]
INFO: [ app_begin ] --START--
INFO: Run Behavior\ReadHtmlCacheBehavior [ RunTime:0.009000s ]
INFO: [ app_begin ] --END-- [ RunTime:0.011000s ]
SQL: SHOW COLUMNS FROM `ot_config` [ RunTime:0.3690s ]
SQL: SELECT `type`,`name`,`value` FROM `ot_config` WHERE `status` = 1  [ RunTime:0.0600s ]
SQL: SHOW COLUMNS FROM `ot_channel` [ RunTime:0.0290s ]
SQL: SELECT `id`,`pid`,`title`,`url`,`sort`,`create_time`,`update_time`,`status`,`target` FROM `ot_channel` WHERE `status` = 1 ORDER BY sort  [ RunTime:0.0370s ]
INFO: [ view_parse ] --START--
INFO: [ template_filter ] --START--
INFO: Run Behavior\ContentReplaceBehavior [ RunTime:0.000000s ]
INFO: [ template_filter ] --END-- [ RunTime:0.000000s ]
INFO: [ pageBody ] --START--
SQL: SHOW COLUMNS FROM `ot_addons` [ RunTime:0.0570s ]
SQL: SELECT `config` FROM `ot_addons` WHERE `name` = 'ImageSlider' AND `status` = 1 LIMIT 1   [ RunTime:0.0540s ]
SQL: SHOW COLUMNS FROM `ot_picture` [ RunTime:0.0180s ]
SQL: SELECT `id`,`path` FROM `ot_picture` WHERE ( id in (1,2,3) )  [ RunTime:0.0670s ]
INFO: [ view_parse ] --START--
INFO: [ template_filter ] --START--
INFO: Run Behavior\ContentReplaceBehavior [ RunTime:0.000000s ]
INFO: [ template_filter ] --END-- [ RunTime:-0.344020s ]
INFO: Run Behavior\ParseTemplateBehavior [ RunTime:0.009000s ]
INFO: [ view_parse ] --END-- [ RunTime:0.010000s ]
INFO: [ view_filter ] --START--
INFO: Run Behavior\WriteHtmlCacheBehavior [ RunTime:0.008001s ]
INFO: [ view_filter ] --END-- [ RunTime:0.008001s ]
INFO: Run Addons\ImageSlider\ImageSliderAddon [ RunTime:0.323019s ]
SQL: SELECT `config` FROM `ot_addons` WHERE `name` = 'ComIntroduction' AND `status` = 1 LIMIT 1   [ RunTime:0.0010s ]
INFO: [ view_parse ] --START--
INFO: [ template_filter ] --START--
INFO: Run Behavior\ContentReplaceBehavior [ RunTime:0.000000s ]
INFO: [ template_filter ] --END-- [ RunTime:-0.412024s ]
INFO: Run Behavior\ParseTemplateBehavior [ RunTime:0.008000s ]
INFO: [ view_parse ] --END-- [ RunTime:-0.060004s ]
INFO: [ view_filter ] --START--
INFO: Run Behavior\WriteHtmlCacheBehavior [ RunTime:0.001000s ]
INFO: [ view_filter ] --END-- [ RunTime:-0.060003s ]
INFO: Run Addons\ComIntroduction\ComIntroductionAddon [ RunTime:0.061003s ]
INFO: [ pageBody ] --END-- [ RunTime:0.384022s ]
INFO: [ pageFooter ] --START--
SQL: SELECT `config` FROM `ot_addons` WHERE `name` = 'ReturnTop' AND `status` = 1 LIMIT 1   [ RunTime:0.0010s ]
INFO: [ view_parse ] --START--
INFO: [ template_filter ] --START--
INFO: Run Behavior\ContentReplaceBehavior [ RunTime:0.000000s ]
INFO: [ template_filter ] --END-- [ RunTime:-0.451026s ]
INFO: Run Behavior\ParseTemplateBehavior [ RunTime:0.007000s ]
INFO: [ view_parse ] --END-- [ RunTime:-0.100006s ]
INFO: [ view_filter ] --START--
INFO: Run Behavior\WriteHtmlCacheBehavior [ RunTime:0.000000s ]
INFO: [ view_filter ] --END-- [ RunTime:-0.099005s ]
INFO: Run Addons\ReturnTop\ReturnTopAddon [ RunTime:0.038002s ]
INFO: [ pageFooter ] --END-- [ RunTime:0.038002s ]
INFO: Run Behavior\ParseTemplateBehavior [ RunTime:0.007000s ]
INFO: [ view_parse ] --END-- [ RunTime:-0.100006s ]
INFO: [ view_filter ] --START--
INFO: Run Behavior\WriteHtmlCacheBehavior [ RunTime:0.000000s ]
INFO: [ view_filter ] --END-- [ RunTime:-0.099005s ]
INFO: [ app_end ] --START--
INFO: Run Behavior\ShowPageTraceBehavior [ RunTime:0.009000s ]
INFO: [ app_end ] --END-- [ RunTime:0.009000s ]

[ 2014-09-10T17:26:36+08:00 ] 127.0.0.1 /OT/
INFO: [ app_init ] --START--
INFO: Run Behavior\BuildLiteBehavior [ RunTime:0.000000s ]
INFO: Run Common\Behavior\InitHookBehavior [ RunTime:0.010001s ]
INFO: [ app_init ] --END-- [ RunTime:0.012001s ]
INFO: [ app_begin ] --START--
INFO: Run Behavior\ReadHtmlCacheBehavior [ RunTime:0.002001s ]
INFO: [ app_begin ] --END-- [ RunTime:0.002001s ]
SQL: SHOW COLUMNS FROM `ot_config` [ RunTime:0.1310s ]
SQL: SELECT `type`,`name`,`value` FROM `ot_config` WHERE `status` = 1  [ RunTime:0.0010s ]
SQL: SHOW COLUMNS FROM `ot_channel` [ RunTime:0.0220s ]
SQL: SELECT `id`,`pid`,`title`,`url`,`sort`,`create_time`,`update_time`,`status`,`target` FROM `ot_channel` WHERE `status` = 1 ORDER BY sort  [ RunTime:0.0010s ]
INFO: [ view_parse ] --START--
INFO: [ template_filter ] --START--
INFO: Run Behavior\ContentReplaceBehavior [ RunTime:0.000000s ]
INFO: [ template_filter ] --END-- [ RunTime:0.001001s ]
INFO: [ pageBody ] --START--
SQL: SHOW COLUMNS FROM `ot_addons` [ RunTime:0.0200s ]
SQL: SELECT `config` FROM `ot_addons` WHERE `name` = 'ImageSlider' AND `status` = 1 LIMIT 1   [ RunTime:0.0010s ]
SQL: SHOW COLUMNS FROM `ot_picture` [ RunTime:0.0490s ]
SQL: SELECT `id`,`path` FROM `ot_picture` WHERE ( id in (1,2,3) )  [ RunTime:0.0010s ]
INFO: [ view_parse ] --START--
INFO: [ template_filter ] --START--
INFO: Run Behavior\ContentReplaceBehavior [ RunTime:0.000000s ]
INFO: [ template_filter ] --END-- [ RunTime:-0.100005s ]
INFO: Run Behavior\ParseTemplateBehavior [ RunTime:0.012001s ]
INFO: [ view_parse ] --END-- [ RunTime:0.012001s ]
INFO: [ view_filter ] --START--
INFO: Run Behavior\WriteHtmlCacheBehavior [ RunTime:0.003000s ]
INFO: [ view_filter ] --END-- [ RunTime:0.003000s ]
INFO: Run Addons\ImageSlider\ImageSliderAddon [ RunTime:0.100006s ]
SQL: SELECT `config` FROM `ot_addons` WHERE `name` = 'ComIntroduction' AND `status` = 1 LIMIT 1   [ RunTime:0.0010s ]
INFO: [ view_parse ] --START--
INFO: [ template_filter ] --START--
INFO: Run Behavior\ContentReplaceBehavior [ RunTime:0.000000s ]
INFO: [ template_filter ] --END-- [ RunTime:-0.123007s ]
INFO: Run Behavior\ParseTemplateBehavior [ RunTime:0.008001s ]
INFO: [ view_parse ] --END-- [ RunTime:-0.013000s ]
INFO: [ view_filter ] --START--
INFO: Run Behavior\WriteHtmlCacheBehavior [ RunTime:0.000000s ]
INFO: [ view_filter ] --END-- [ RunTime:-0.018001s ]
INFO: Run Addons\ComIntroduction\ComIntroductionAddon [ RunTime:0.018001s ]
INFO: [ pageBody ] --END-- [ RunTime:0.119007s ]
INFO: [ pageFooter ] --START--
SQL: SELECT `config` FROM `ot_addons` WHERE `name` = 'ReturnTop' AND `status` = 1 LIMIT 1   [ RunTime:0.0030s ]
INFO: [ view_parse ] --START--
INFO: [ template_filter ] --START--
INFO: Run Behavior\ContentReplaceBehavior [ RunTime:0.000000s ]
INFO: [ template_filter ] --END-- [ RunTime:-0.146008s ]
INFO: Run Behavior\ParseTemplateBehavior [ RunTime:0.013001s ]
INFO: [ view_parse ] --END-- [ RunTime:-0.032001s ]
INFO: [ view_filter ] --START--
INFO: Run Behavior\WriteHtmlCacheBehavior [ RunTime:0.000000s ]
INFO: [ view_filter ] --END-- [ RunTime:-0.042002s ]
INFO: Run Addons\ReturnTop\ReturnTopAddon [ RunTime:0.024001s ]
INFO: [ pageFooter ] --END-- [ RunTime:0.024001s ]
INFO: Run Behavior\ParseTemplateBehavior [ RunTime:0.014001s ]
INFO: [ view_parse ] --END-- [ RunTime:-0.032001s ]
INFO: [ view_filter ] --START--
INFO: Run Behavior\WriteHtmlCacheBehavior [ RunTime:0.000000s ]
INFO: [ view_filter ] --END-- [ RunTime:-0.043002s ]
INFO: [ app_end ] --START--
INFO: Run Behavior\ShowPageTraceBehavior [ RunTime:0.004001s ]
INFO: [ app_end ] --END-- [ RunTime:0.004001s ]

