[ 2014-09-10T17:25:53+08:00 ] 127.0.0.1 /OT/admin.php
INFO: [ app_init ] --START--
INFO: Run Behavior\BuildLiteBehavior [ RunTime:0.000000s ]
INFO: Run Common\Behavior\InitHookBehavior [ RunTime:0.025002s ]
INFO: [ app_init ] --END-- [ RunTime:0.026002s ]
INFO: [ app_begin ] --START--
INFO: Run Behavior\ReadHtmlCacheBehavior [ RunTime:0.003000s ]
INFO: [ app_begin ] --END-- [ RunTime:0.003000s ]

[ 2014-09-10T17:25:53+08:00 ] 127.0.0.1 /OT/admin.php?s=/Public/login.html
INFO: [ app_init ] --START--
INFO: Run Behavior\BuildLiteBehavior [ RunTime:0.000000s ]
INFO: Run Common\Behavior\InitHookBehavior [ RunTime:0.008000s ]
INFO: [ app_init ] --END-- [ RunTime:0.010001s ]
INFO: [ app_begin ] --START--
INFO: Run Behavior\ReadHtmlCacheBehavior [ RunTime:0.002000s ]
INFO: [ app_begin ] --END-- [ RunTime:0.002000s ]
INFO: [ view_parse ] --START--
INFO: [ template_filter ] --START--
INFO: Run Behavior\ContentReplaceBehavior [ RunTime:0.000000s ]
INFO: [ template_filter ] --END-- [ RunTime:0.000000s ]
INFO: Run Behavior\ParseTemplateBehavior [ RunTime:0.045003s ]
INFO: [ view_parse ] --END-- [ RunTime:0.045003s ]
INFO: [ view_filter ] --START--
INFO: Run Behavior\WriteHtmlCacheBehavior [ RunTime:0.002000s ]
INFO: [ view_filter ] --END-- [ RunTime:0.002000s ]
INFO: [ app_end ] --START--
INFO: Run Behavior\ShowPageTraceBehavior [ RunTime:0.002000s ]
INFO: [ app_end ] --END-- [ RunTime:0.002000s ]

[ 2014-09-10T17:25:55+08:00 ] 127.0.0.1 /OT/admin.php?s=/Public/verify.html
INFO: [ app_init ] --START--
INFO: Run Behavior\BuildLiteBehavior [ RunTime:0.004000s ]
INFO: Run Common\Behavior\InitHookBehavior [ RunTime:0.018001s ]
INFO: [ app_init ] --END-- [ RunTime:0.023001s ]
INFO: [ app_begin ] --START--
INFO: Run Behavior\ReadHtmlCacheBehavior [ RunTime:0.008000s ]
INFO: [ app_begin ] --END-- [ RunTime:0.008000s ]
INFO: [ app_end ] --START--
INFO: Run Behavior\ShowPageTraceBehavior [ RunTime:0.002000s ]
INFO: [ app_end ] --END-- [ RunTime:0.002000s ]

[ 2014-09-10T17:26:00+08:00 ] 127.0.0.1 /OT/admin.php?s=/Public/login.html
INFO: [ app_init ] --START--
INFO: Run Behavior\BuildLiteBehavior [ RunTime:0.001000s ]
INFO: Run Common\Behavior\InitHookBehavior [ RunTime:0.015001s ]
INFO: [ app_init ] --END-- [ RunTime:0.021002s ]
INFO: [ app_begin ] --START--
INFO: Run Behavior\ReadHtmlCacheBehavior [ RunTime:0.013001s ]
INFO: [ app_begin ] --END-- [ RunTime:0.019001s ]
NOTIC: [8] Undefined index: lite D:\Program Files\Apache24\htdocs\ot\ThinkPHP\Library\Think\Db.class.php 第 37 行.
SQL: SHOW COLUMNS FROM `ot_member` [ RunTime:0.1170s ]
SQL: SELECT `uid`,`nickname`,`sex`,`birthday`,`qq`,`score`,`login`,`reg_ip`,`reg_time`,`last_login_ip`,`last_login_time`,`status` FROM `ot_member` WHERE `uid` = 1 LIMIT 1   [ RunTime:0.0020s ]
SQL: SHOW COLUMNS FROM `ot_action` [ RunTime:0.0690s ]
SQL: SELECT * FROM `ot_action` WHERE `name` = 'user_login' LIMIT 1   [ RunTime:0.0110s ]
SQL: SHOW COLUMNS FROM `ot_action_log` [ RunTime:0.1050s ]
SQL: INSERT INTO `ot_action_log` (`action_id`,`user_id`,`action_ip`,`model`,`record_id`,`create_time`,`remark`) VALUES ('1','1','2130706433','member','1','1410341158','Alinki在2014-09-10 17:25登录了后台') [ RunTime:0.0240s ]
SQL: SELECT * FROM `ot_action` WHERE `name` = 'user_login' LIMIT 1   [ RunTime:0.0010s ]
NOTIC: [8] Undefined offset: 1 D:\Program Files\Apache24\htdocs\ot\Application\Common\Common\function.php 第 680 行.
NOTIC: [2] array_key_exists() expects parameter 2 to be array, null given D:\Program Files\Apache24\htdocs\ot\Application\Common\Common\function.php 第 680 行.
SQL: SELECT COUNT(*) AS tp_count FROM `ot_action_log` WHERE `action_id` = 1 AND `user_id` = 1 AND `create_time` > 1410254758 LIMIT 1   [ RunTime:0.0740s ]
SQL: SHOW COLUMNS FROM `ot_member` [ RunTime:0.0120s ]
SQL: UPDATE `ot_member` SET `score`=score+10 WHERE ( uid=1 AND status>-1 ) [ RunTime:0.0170s ]
SQL: UPDATE `ot_member` SET `login`=`login`+1,`last_login_time`='1410341158',`last_login_ip`='2130706433' WHERE `uid` = 1 [ RunTime:0.0010s ]

[ 2014-09-10T17:26:01+08:00 ] 127.0.0.1 /OT/admin.php?s=/Index/index.html
INFO: [ app_init ] --START--
INFO: Run Behavior\BuildLiteBehavior [ RunTime:0.000000s ]
INFO: Run Common\Behavior\InitHookBehavior [ RunTime:0.006000s ]
INFO: [ app_init ] --END-- [ RunTime:0.009001s ]
INFO: [ app_begin ] --START--
INFO: Run Behavior\ReadHtmlCacheBehavior [ RunTime:0.002000s ]
INFO: [ app_begin ] --END-- [ RunTime:0.002000s ]
SQL: SHOW COLUMNS FROM `ot_menu` [ RunTime:0.0750s ]
SQL: SELECT `id`,`title`,`url` FROM `ot_menu` WHERE `pid` = 0 AND `hide` = 0 ORDER BY sort asc  [ RunTime:0.0420s ]
SQL: SELECT `pid` FROM `ot_menu` WHERE ( pid !=0 AND url like '%Index/index%' ) LIMIT 1   [ RunTime:0.0570s ]
INFO: [ view_parse ] --START--
INFO: [ template_filter ] --START--
INFO: Run Behavior\ContentReplaceBehavior [ RunTime:0.000000s ]
INFO: [ template_filter ] --END-- [ RunTime:0.000000s ]
INFO: [ AdminIndex ] --START--
SQL: SHOW COLUMNS FROM `ot_addons` [ RunTime:0.0120s ]
SQL: SELECT `config` FROM `ot_addons` WHERE `name` = 'SiteStat' AND `status` = 1 LIMIT 1   [ RunTime:0.0010s ]
SQL: SHOW COLUMNS FROM `ot_member` [ RunTime:0.0150s ]
SQL: SELECT COUNT(*) AS tp_count FROM `ot_member` LIMIT 1   [ RunTime:0.0010s ]
SQL: SHOW COLUMNS FROM `ot_action_log` [ RunTime:0.0130s ]
SQL: SELECT COUNT(*) AS tp_count FROM `ot_action_log` LIMIT 1   [ RunTime:0.0010s ]
SQL: SHOW COLUMNS FROM `ot_document` [ RunTime:0.0970s ]
SQL: SELECT COUNT(*) AS tp_count FROM `ot_document` LIMIT 1   [ RunTime:0.0010s ]
SQL: SHOW COLUMNS FROM `ot_category` [ RunTime:0.0780s ]
SQL: SELECT COUNT(*) AS tp_count FROM `ot_category` LIMIT 1   [ RunTime:0.0000s ]
SQL: SHOW COLUMNS FROM `ot_model` [ RunTime:0.0580s ]
SQL: SELECT COUNT(*) AS tp_count FROM `ot_model` LIMIT 1   [ RunTime:0.0010s ]
INFO: [ view_parse ] --START--
INFO: [ template_filter ] --START--
INFO: Run Behavior\ContentReplaceBehavior [ RunTime:0.000000s ]
INFO: [ template_filter ] --END-- [ RunTime:-0.340019s ]
INFO: Run Behavior\ParseTemplateBehavior [ RunTime:0.049002s ]
INFO: [ view_parse ] --END-- [ RunTime:0.049002s ]
INFO: [ view_filter ] --START--
INFO: Run Behavior\WriteHtmlCacheBehavior [ RunTime:0.003001s ]
INFO: [ view_filter ] --END-- [ RunTime:0.003001s ]
INFO: Run Addons\SiteStat\SiteStatAddon [ RunTime:0.355021s ]
SQL: SELECT `config` FROM `ot_addons` WHERE `name` = 'SystemInfo' AND `status` = 1 LIMIT 1   [ RunTime:0.0010s ]
INFO: [ view_parse ] --START--
INFO: [ template_filter ] --START--
INFO: Run Behavior\ContentReplaceBehavior [ RunTime:0.000000s ]
INFO: [ template_filter ] --END-- [ RunTime:-0.770044s ]
SQL: select version() as v; [ RunTime:0.0110s ]
INFO: Run Behavior\ParseTemplateBehavior [ RunTime:0.030002s ]
INFO: [ view_parse ] --END-- [ RunTime:-0.379022s ]
INFO: [ view_filter ] --START--
INFO: Run Behavior\WriteHtmlCacheBehavior [ RunTime:0.000000s ]
INFO: [ view_filter ] --END-- [ RunTime:-0.406023s ]
INFO: Run Addons\SystemInfo\SystemInfoAddon [ RunTime:0.406023s ]
SQL: SELECT `config` FROM `ot_addons` WHERE `name` = 'DevTeam' AND `status` = 1 LIMIT 1   [ RunTime:0.0010s ]
INFO: [ view_parse ] --START--
INFO: [ template_filter ] --START--
INFO: Run Behavior\ContentReplaceBehavior [ RunTime:0.001000s ]
INFO: [ template_filter ] --END-- [ RunTime:-0.818047s ]
INFO: Run Behavior\ParseTemplateBehavior [ RunTime:0.019001s ]
INFO: [ view_parse ] --END-- [ RunTime:-0.438026s ]
INFO: [ view_filter ] --START--
INFO: Run Behavior\WriteHtmlCacheBehavior [ RunTime:0.001000s ]
INFO: [ view_filter ] --END-- [ RunTime:-0.454026s ]
INFO: Run Addons\DevTeam\DevTeamAddon [ RunTime:0.049003s ]
INFO: [ AdminIndex ] --END-- [ RunTime:0.811047s ]
INFO: Run Behavior\ParseTemplateBehavior [ RunTime:0.020001s ]
INFO: [ view_parse ] --END-- [ RunTime:-0.438026s ]
INFO: [ view_filter ] --START--
INFO: Run Behavior\WriteHtmlCacheBehavior [ RunTime:0.000000s ]
INFO: [ view_filter ] --END-- [ RunTime:-0.455026s ]
INFO: [ app_end ] --START--
INFO: Run Behavior\ShowPageTraceBehavior [ RunTime:0.002000s ]
INFO: [ app_end ] --END-- [ RunTime:0.002000s ]

[ 2014-09-10T17:26:26+08:00 ] 127.0.0.1 /OT/admin.php?s=/Addons/index.html
INFO: [ app_init ] --START--
INFO: Run Behavior\BuildLiteBehavior [ RunTime:0.000000s ]
INFO: Run Common\Behavior\InitHookBehavior [ RunTime:0.009000s ]
INFO: [ app_init ] --END-- [ RunTime:0.011000s ]
INFO: [ app_begin ] --START--
INFO: Run Behavior\ReadHtmlCacheBehavior [ RunTime:0.004000s ]
INFO: [ app_begin ] --END-- [ RunTime:0.004000s ]
SQL: SHOW COLUMNS FROM `ot_addons` [ RunTime:0.0180s ]
SQL: SELECT `title`,`name` FROM `ot_addons` WHERE ( status=1 AND has_adminlist=1 )  [ RunTime:0.0010s ]
SQL: SHOW COLUMNS FROM `ot_menu` [ RunTime:0.0130s ]
SQL: SELECT `id`,`title`,`url` FROM `ot_menu` WHERE `pid` = 0 AND `hide` = 0 ORDER BY sort asc  [ RunTime:0.0010s ]
SQL: SELECT `pid` FROM `ot_menu` WHERE ( pid !=0 AND url like '%Addons/index%' ) LIMIT 1   [ RunTime:0.0020s ]
SQL: SELECT * FROM `ot_menu` WHERE `id` = 43 LIMIT 1   [ RunTime:0.0010s ]
SQL: SELECT DISTINCT  `group` FROM `ot_menu` WHERE `group` <> '' AND `pid` = 43  [ RunTime:0.0480s ]
SQL: SELECT `id`,`url` FROM `ot_menu` WHERE `pid` = 43 AND `hide` = 0  [ RunTime:0.0010s ]
SQL: SELECT `id`,`pid`,`title`,`url`,`tip` FROM `ot_menu` WHERE `group` = '扩展' AND `pid` = 43 AND `hide` = 0 ORDER BY sort asc  [ RunTime:0.0020s ]
SQL: SELECT `id`,`name`,`title`,`description`,`status`,`config`,`author`,`version`,`create_time`,`has_adminlist` FROM `ot_addons` WHERE `name` IN ('Attachment','ComIntroduction','DevTeam','Editor','EditorForAdmin','ImageSlider','ReturnTop','SiteStat','SocialComment','SystemInfo')  [ RunTime:0.0010s ]
INFO: [ view_parse ] --START--
INFO: [ template_filter ] --START--
INFO: Run Behavior\ContentReplaceBehavior [ RunTime:0.000000s ]
INFO: [ template_filter ] --END-- [ RunTime:0.000000s ]
SQL: SHOW COLUMNS FROM `ot_addons` [ RunTime:0.0170s ]
SQL: SELECT `config` FROM `ot_addons` WHERE `name` = 'SocialComment' AND `status` = 1 LIMIT 1   [ RunTime:0.0010s ]
SQL: SELECT `config` FROM `ot_addons` WHERE `name` = 'ReturnTop' AND `status` = 1 LIMIT 1   [ RunTime:0.0030s ]
SQL: SELECT `config` FROM `ot_addons` WHERE `name` = 'ImageSlider' AND `status` = 1 LIMIT 1   [ RunTime:0.0020s ]
SQL: SELECT `config` FROM `ot_addons` WHERE `name` = 'ComIntroduction' AND `status` = 1 LIMIT 1   [ RunTime:0.0020s ]
SQL: SELECT `config` FROM `ot_addons` WHERE `name` = 'Attachment' AND `status` = 1 LIMIT 1   [ RunTime:0.0030s ]
SQL: SELECT `config` FROM `ot_addons` WHERE `name` = 'Editor' AND `status` = 1 LIMIT 1   [ RunTime:0.0020s ]
SQL: SELECT `config` FROM `ot_addons` WHERE `name` = 'SiteStat' AND `status` = 1 LIMIT 1   [ RunTime:0.0010s ]
SQL: SELECT `config` FROM `ot_addons` WHERE `name` = 'DevTeam' AND `status` = 1 LIMIT 1   [ RunTime:0.0010s ]
SQL: SELECT `config` FROM `ot_addons` WHERE `name` = 'SystemInfo' AND `status` = 1 LIMIT 1   [ RunTime:0.0020s ]
SQL: SELECT `config` FROM `ot_addons` WHERE `name` = 'EditorForAdmin' AND `status` = 1 LIMIT 1   [ RunTime:0.0010s ]
INFO: Run Behavior\ParseTemplateBehavior [ RunTime:0.449026s ]
INFO: [ view_parse ] --END-- [ RunTime:0.450026s ]
INFO: [ view_filter ] --START--
INFO: Run Behavior\WriteHtmlCacheBehavior [ RunTime:0.001000s ]
INFO: [ view_filter ] --END-- [ RunTime:0.001000s ]
INFO: [ app_end ] --START--
INFO: Run Behavior\ShowPageTraceBehavior [ RunTime:0.004000s ]
INFO: [ app_end ] --END-- [ RunTime:0.004000s ]

[ 2014-09-10T17:26:29+08:00 ] 127.0.0.1 /OT/admin.php?s=/Addons/config/id/17.html
INFO: [ app_init ] --START--
INFO: Run Behavior\BuildLiteBehavior [ RunTime:0.000000s ]
INFO: Run Common\Behavior\InitHookBehavior [ RunTime:0.014001s ]
INFO: [ app_init ] --END-- [ RunTime:0.016001s ]
INFO: [ app_begin ] --START--
INFO: Run Behavior\ReadHtmlCacheBehavior [ RunTime:0.002000s ]
INFO: [ app_begin ] --END-- [ RunTime:0.002000s ]
SQL: SHOW COLUMNS FROM `ot_addons` [ RunTime:0.0420s ]
SQL: SELECT `title`,`name` FROM `ot_addons` WHERE ( status=1 AND has_adminlist=1 )  [ RunTime:0.0010s ]
SQL: SHOW COLUMNS FROM `ot_addons` [ RunTime:0.0280s ]
SQL: SELECT * FROM `ot_addons` WHERE `id` = 17 LIMIT 1   [ RunTime:0.0140s ]
INFO: [ view_parse ] --START--
INFO: [ template_filter ] --START--
INFO: Run Behavior\ContentReplaceBehavior [ RunTime:0.000000s ]
INFO: [ template_filter ] --END-- [ RunTime:0.001000s ]
SQL: SHOW COLUMNS FROM `ot_picture` [ RunTime:0.0140s ]
SQL: SELECT * FROM `ot_picture` WHERE `status` = 1 AND `id` = 1 LIMIT 1   [ RunTime:0.0260s ]
SQL: SELECT * FROM `ot_picture` WHERE `status` = 1 AND `id` = 2 LIMIT 1   [ RunTime:0.0020s ]
SQL: SELECT * FROM `ot_picture` WHERE `status` = 1 AND `id` = 3 LIMIT 1   [ RunTime:0.0010s ]
INFO: Run Behavior\ParseTemplateBehavior [ RunTime:0.194011s ]
INFO: [ view_parse ] --END-- [ RunTime:0.194011s ]
INFO: [ view_filter ] --START--
INFO: Run Behavior\WriteHtmlCacheBehavior [ RunTime:0.002000s ]
INFO: [ view_filter ] --END-- [ RunTime:0.002000s ]
INFO: [ app_end ] --START--
INFO: Run Behavior\ShowPageTraceBehavior [ RunTime:0.003001s ]
INFO: [ app_end ] --END-- [ RunTime:0.003001s ]

[ 2014-09-10T17:29:57+08:00 ] 127.0.0.1 /OT/admin.php?s=/Addons/config/id/5.html
INFO: [ app_init ] --START--
INFO: Run Behavior\BuildLiteBehavior [ RunTime:0.000000s ]
INFO: Run Common\Behavior\InitHookBehavior [ RunTime:0.014001s ]
INFO: [ app_init ] --END-- [ RunTime:0.016001s ]
INFO: [ app_begin ] --START--
INFO: Run Behavior\ReadHtmlCacheBehavior [ RunTime:0.003000s ]
INFO: [ app_begin ] --END-- [ RunTime:0.003000s ]
SQL: SHOW COLUMNS FROM `ot_addons` [ RunTime:0.0290s ]
SQL: SELECT `title`,`name` FROM `ot_addons` WHERE ( status=1 AND has_adminlist=1 )  [ RunTime:0.0020s ]
SQL: SHOW COLUMNS FROM `ot_addons` [ RunTime:0.0210s ]
SQL: SELECT * FROM `ot_addons` WHERE `id` = 5 LIMIT 1   [ RunTime:0.0090s ]
INFO: [ view_parse ] --START--
INFO: [ template_filter ] --START--
INFO: Run Behavior\ContentReplaceBehavior [ RunTime:0.000000s ]
INFO: [ template_filter ] --END-- [ RunTime:0.000000s ]
INFO: Run Behavior\ParseTemplateBehavior [ RunTime:0.117007s ]
INFO: [ view_parse ] --END-- [ RunTime:0.117007s ]
INFO: [ view_filter ] --START--
INFO: Run Behavior\WriteHtmlCacheBehavior [ RunTime:0.002000s ]
INFO: [ view_filter ] --END-- [ RunTime:0.002000s ]
INFO: [ app_end ] --START--
INFO: Run Behavior\ShowPageTraceBehavior [ RunTime:0.006000s ]
INFO: [ app_end ] --END-- [ RunTime:0.006000s ]

